<?xml version="1.0" encoding="UTF-8"?>
<TestRun id="a1c9712e-08a7-45e2-b73b-8af4e590ba30" name="Mark@APPRENTICE 2011-12-03 11:31:56" runUser="Apprentice\Mark" xmlns="http://microsoft.com/schemas/VisualStudio/TeamTest/2010">
  <TestSettings name="Local" id="51a4fb94-544d-4b95-b64a-630cdc4a2480">
    <Description>These are default test settings for a local test run.</Description>
    <Deployment enabled="false" runDeploymentRoot="Mark_APPRENTICE 2011-12-03 11_31_56">
      <DeploymentItem filename="C:\source\Adventure\Adventure\bin\Debug\Adventure.exe" />
      <DeploymentItem filename="C:\source\Adventure\packages\RhinoMocks.3.6\lib\Rhino.Mocks.dll" />
    </Deployment>
    <Execution>
      <TestTypeSpecific />
      <AgentRule name="Execution Agents">
      </AgentRule>
    </Execution>
  </TestSettings>
  <Times creation="2011-12-03T11:31:56.9821813-06:00" queuing="2011-12-03T11:31:57.0151822-06:00" start="2011-12-03T11:31:57.0561832-06:00" finish="2011-12-03T11:31:57.6361976-06:00" />
  <ResultSummary outcome="Completed">
    <Counters total="1" executed="1" passed="1" error="0" failed="0" timeout="0" aborted="0" inconclusive="0" passedButRunAborted="0" notRunnable="0" notExecuted="0" disconnected="0" warning="0" completed="0" inProgress="0" pending="0" />
  </ResultSummary>
  <TestDefinitions>
    <UnitTest name="Should_Call_Execute_On_Command" storage="c:\source\adventure\adventure.tests\bin\debug\adventure.tests.dll" id="851e29ca-3d10-a758-d451-b3b08d9ad9f7">
      <Execution id="1049eabb-d766-43cd-b43b-f0cf06d0c556" />
      <TestMethod codeBase="C:/source/Adventure/Adventure.Tests/bin/Debug/Adventure.Tests.DLL" adapterTypeName="Microsoft.VisualStudio.TestTools.TestTypes.Unit.UnitTestAdapter, Microsoft.VisualStudio.QualityTools.Tips.UnitTest.Adapter, Version=10.0.0.0, Culture=neutral, PublicKeyToken=b03f5f7f11d50a3a" className="Adventure.Tests.GameLoopTests, Adventure.Tests, Version=1.0.0.0, Culture=neutral, PublicKeyToken=null" name="Should_Call_Execute_On_Command" />
    </UnitTest>
  </TestDefinitions>
  <TestLists>
    <TestList name="Results Not in a List" id="8c84fa94-04c1-424b-9868-57a2d4851a1d" />
    <TestList name="All Loaded Results" id="19431567-8539-422a-85d7-44ee4e166bda" />
  </TestLists>
  <TestEntries>
    <TestEntry testId="851e29ca-3d10-a758-d451-b3b08d9ad9f7" executionId="1049eabb-d766-43cd-b43b-f0cf06d0c556" testListId="8c84fa94-04c1-424b-9868-57a2d4851a1d" />
  </TestEntries>
  <Results>
    <UnitTestResult executionId="1049eabb-d766-43cd-b43b-f0cf06d0c556" testId="851e29ca-3d10-a758-d451-b3b08d9ad9f7" testName="Should_Call_Execute_On_Command" computerName="APPRENTICE" duration="00:00:00.2746734" startTime="2011-12-03T11:31:57.0641834-06:00" endTime="2011-12-03T11:31:57.6041968-06:00" testType="13cdc9d9-ddb5-4fa4-a97d-d965ccfc6d4b" outcome="Passed" testListId="8c84fa94-04c1-424b-9868-57a2d4851a1d" relativeResultsDirectory="1049eabb-d766-43cd-b43b-f0cf06d0c556">
    </UnitTestResult>
  </Results>
</TestRun>