<?xml version="1.0" encoding="UTF-8"?>
<TestRun id="857582e0-cdbe-450d-86c9-125da0a08972" name="Mark@APPRENTICE 2011-12-03 11:21:02" runUser="Apprentice\Mark" xmlns="http://microsoft.com/schemas/VisualStudio/TeamTest/2010">
  <TestSettings name="Local" id="51a4fb94-544d-4b95-b64a-630cdc4a2480">
    <Description>These are default test settings for a local test run.</Description>
    <Deployment enabled="false" runDeploymentRoot="Mark_APPRENTICE 2011-12-03 11_21_02">
      <DeploymentItem filename="C:\source\Adventure\Adventure\bin\Debug\Adventure.exe" />
      <DeploymentItem filename="C:\source\Adventure\packages\RhinoMocks.3.6\lib\Rhino.Mocks.dll" />
    </Deployment>
    <Execution>
      <TestTypeSpecific />
      <AgentRule name="Execution Agents">
      </AgentRule>
    </Execution>
  </TestSettings>
  <Times creation="2011-12-03T11:21:02.4948850-06:00" queuing="2011-12-03T11:21:03.8459187-06:00" start="2011-12-03T11:21:03.9779219-06:00" finish="2011-12-03T11:21:05.3039550-06:00" />
  <ResultSummary outcome="Failed">
    <Counters total="1" executed="1" error="0" failed="1" timeout="0" aborted="0" inconclusive="0" passedButRunAborted="0" notRunnable="0" notExecuted="0" disconnected="0" warning="0" passed="0" completed="0" inProgress="0" pending="0" />
  </ResultSummary>
  <TestDefinitions>
    <UnitTest name="Should_Call_Execute_On_Command" storage="c:\source\adventure\adventure.tests\bin\debug\adventure.tests.dll" id="851e29ca-3d10-a758-d451-b3b08d9ad9f7">
      <Execution id="ceb25370-2ffd-4296-a833-67c31b0b9c16" />
      <TestMethod codeBase="C:/source/Adventure/Adventure.Tests/bin/Debug/Adventure.Tests.DLL" adapterTypeName="Microsoft.VisualStudio.TestTools.TestTypes.Unit.UnitTestAdapter, Microsoft.VisualStudio.QualityTools.Tips.UnitTest.Adapter, Version=10.0.0.0, Culture=neutral, PublicKeyToken=b03f5f7f11d50a3a" className="Adventure.Tests.GameLoopTests, Adventure.Tests, Version=1.0.0.0, Culture=neutral, PublicKeyToken=null" name="Should_Call_Execute_On_Command" />
    </UnitTest>
  </TestDefinitions>
  <TestLists>
    <TestList name="Results Not in a List" id="8c84fa94-04c1-424b-9868-57a2d4851a1d" />
    <TestList name="All Loaded Results" id="19431567-8539-422a-85d7-44ee4e166bda" />
  </TestLists>
  <TestEntries>
    <TestEntry testId="851e29ca-3d10-a758-d451-b3b08d9ad9f7" executionId="ceb25370-2ffd-4296-a833-67c31b0b9c16" testListId="8c84fa94-04c1-424b-9868-57a2d4851a1d" />
  </TestEntries>
  <Results>
    <UnitTestResult executionId="ceb25370-2ffd-4296-a833-67c31b0b9c16" testId="851e29ca-3d10-a758-d451-b3b08d9ad9f7" testName="Should_Call_Execute_On_Command" computerName="APPRENTICE" duration="00:00:00.5920014" startTime="2011-12-03T11:21:04.0279232-06:00" endTime="2011-12-03T11:21:05.1179503-06:00" testType="13cdc9d9-ddb5-4fa4-a97d-d965ccfc6d4b" outcome="Failed" testListId="8c84fa94-04c1-424b-9868-57a2d4851a1d" relativeResultsDirectory="ceb25370-2ffd-4296-a833-67c31b0b9c16">
      <Output>
        <ErrorInfo>
          <Message>Test method Adventure.Tests.GameLoopTests.Should_Call_Execute_On_Command threw exception: 
System.NullReferenceException: Object reference not set to an instance of an object.</Message>
          <StackTrace>    at Adventure.GameLoop.RunLoop() in C:\source\Adventure\Adventure\GameLoop.cs:line 55
   at Adventure.Tests.GameLoopTests.Should_Call_Execute_On_Command() in C:\source\Adventure\Adventure.Tests\UnitTest1.cs:line 26
</StackTrace>
        </ErrorInfo>
      </Output>
    </UnitTestResult>
  </Results>
</TestRun>